  [1m[35m (0.2ms)[0m  [1m[34mSELECT sqlite_version(*)[0m
  [1m[35m (66.6ms)[0m  [1m[35mCREATE TABLE "schema_migrations" ("version" varchar NOT NULL PRIMARY KEY)[0m
  [1m[35m (78.3ms)[0m  [1m[35mCREATE TABLE "ar_internal_metadata" ("key" varchar NOT NULL PRIMARY KEY, "value" varchar, "created_at" datetime NOT NULL, "updated_at" datetime NOT NULL)[0m
  [1m[35m (0.3ms)[0m  [1m[34mSELECT "schema_migrations"."version" FROM "schema_migrations" ORDER BY "schema_migrations"."version" ASC[0m
Migrating to CreateProducts (20181019090802)
  [1m[35m (0.1ms)[0m  [1m[36mbegin transaction[0m
  [1m[35m (0.8ms)[0m  [1m[35mCREATE TABLE "products" ("id" INTEGER PRIMARY KEY AUTOINCREMENT NOT NULL, "shopname" varchar, "title" varchar, "description" varchar, "created_at" datetime NOT NULL, "updated_at" datetime NOT NULL)[0m
  [1m[35mSQL (0.3ms)[0m  [1m[32mINSERT INTO "schema_migrations" ("version") VALUES (?)[0m  [["version", "20181019090802"]]
  [1m[35m (66.7ms)[0m  [1m[36mcommit transaction[0m
  [1m[36mActiveRecord::InternalMetadata Load (0.3ms)[0m  [1m[34mSELECT  "ar_internal_metadata".* FROM "ar_internal_metadata" WHERE "ar_internal_metadata"."key" = ? LIMIT ?[0m  [["key", "environment"], ["LIMIT", 1]]
  [1m[35m (0.1ms)[0m  [1m[36mbegin transaction[0m
  [1m[35mSQL (0.4ms)[0m  [1m[32mINSERT INTO "ar_internal_metadata" ("key", "value", "created_at", "updated_at") VALUES (?, ?, ?, ?)[0m  [["key", "environment"], ["value", "development"], ["created_at", "2018-10-19 09:08:56.017587"], ["updated_at", "2018-10-19 09:08:56.017587"]]
  [1m[35m (77.7ms)[0m  [1m[36mcommit transaction[0m
  [1m[35m (0.3ms)[0m  [1m[34mSELECT "schema_migrations"."version" FROM "schema_migrations" ORDER BY "schema_migrations"."version" ASC[0m
Started GET "/routes" for 127.0.0.1 at 2018-10-19 12:11:21 +0300
  [1m[35m (0.3ms)[0m  [1m[34mSELECT "schema_migrations"."version" FROM "schema_migrations" ORDER BY "schema_migrations"."version" ASC[0m
  
ActionController::RoutingError (No route matches [GET] "/routes"):
  
actionpack (5.1.6) lib/action_dispatch/middleware/debug_exceptions.rb:63:in `call'
web-console (3.7.0) lib/web_console/middleware.rb:135:in `call_app'
web-console (3.7.0) lib/web_console/middleware.rb:30:in `block in call'
web-console (3.7.0) lib/web_console/middleware.rb:20:in `catch'
web-console (3.7.0) lib/web_console/middleware.rb:20:in `call'
actionpack (5.1.6) lib/action_dispatch/middleware/show_exceptions.rb:31:in `call'
railties (5.1.6) lib/rails/rack/logger.rb:36:in `call_app'
railties (5.1.6) lib/rails/rack/logger.rb:24:in `block in call'
activesupport (5.1.6) lib/active_support/tagged_logging.rb:69:in `block in tagged'
activesupport (5.1.6) lib/active_support/tagged_logging.rb:26:in `tagged'
activesupport (5.1.6) lib/active_support/tagged_logging.rb:69:in `tagged'
railties (5.1.6) lib/rails/rack/logger.rb:24:in `call'
sprockets-rails (3.2.1) lib/sprockets/rails/quiet_assets.rb:13:in `call'
actionpack (5.1.6) lib/action_dispatch/middleware/remote_ip.rb:79:in `call'
actionpack (5.1.6) lib/action_dispatch/middleware/request_id.rb:25:in `call'
rack (2.0.5) lib/rack/method_override.rb:22:in `call'
rack (2.0.5) lib/rack/runtime.rb:22:in `call'
activesupport (5.1.6) lib/active_support/cache/strategy/local_cache_middleware.rb:27:in `call'
actionpack (5.1.6) lib/action_dispatch/middleware/executor.rb:12:in `call'
actionpack (5.1.6) lib/action_dispatch/middleware/static.rb:125:in `call'
rack (2.0.5) lib/rack/sendfile.rb:111:in `call'
railties (5.1.6) lib/rails/engine.rb:522:in `call'
puma (3.12.0) lib/puma/configuration.rb:225:in `call'
puma (3.12.0) lib/puma/server.rb:658:in `handle_request'
puma (3.12.0) lib/puma/server.rb:472:in `process_client'
puma (3.12.0) lib/puma/server.rb:332:in `block in run'
puma (3.12.0) lib/puma/thread_pool.rb:133:in `block in spawn_thread'
Started GET "/routes" for 127.0.0.1 at 2018-10-19 12:12:21 +0300
  
ActionController::RoutingError (No route matches [GET] "/routes"):
  
actionpack (5.1.6) lib/action_dispatch/middleware/debug_exceptions.rb:63:in `call'
web-console (3.7.0) lib/web_console/middleware.rb:135:in `call_app'
web-console (3.7.0) lib/web_console/middleware.rb:30:in `block in call'
web-console (3.7.0) lib/web_console/middleware.rb:20:in `catch'
web-console (3.7.0) lib/web_console/middleware.rb:20:in `call'
actionpack (5.1.6) lib/action_dispatch/middleware/show_exceptions.rb:31:in `call'
railties (5.1.6) lib/rails/rack/logger.rb:36:in `call_app'
railties (5.1.6) lib/rails/rack/logger.rb:24:in `block in call'
activesupport (5.1.6) lib/active_support/tagged_logging.rb:69:in `block in tagged'
activesupport (5.1.6) lib/active_support/tagged_logging.rb:26:in `tagged'
activesupport (5.1.6) lib/active_support/tagged_logging.rb:69:in `tagged'
railties (5.1.6) lib/rails/rack/logger.rb:24:in `call'
sprockets-rails (3.2.1) lib/sprockets/rails/quiet_assets.rb:13:in `call'
actionpack (5.1.6) lib/action_dispatch/middleware/remote_ip.rb:79:in `call'
actionpack (5.1.6) lib/action_dispatch/middleware/request_id.rb:25:in `call'
rack (2.0.5) lib/rack/method_override.rb:22:in `call'
rack (2.0.5) lib/rack/runtime.rb:22:in `call'
activesupport (5.1.6) lib/active_support/cache/strategy/local_cache_middleware.rb:27:in `call'
actionpack (5.1.6) lib/action_dispatch/middleware/executor.rb:12:in `call'
actionpack (5.1.6) lib/action_dispatch/middleware/static.rb:125:in `call'
rack (2.0.5) lib/rack/sendfile.rb:111:in `call'
railties (5.1.6) lib/rails/engine.rb:522:in `call'
puma (3.12.0) lib/puma/configuration.rb:225:in `call'
puma (3.12.0) lib/puma/server.rb:658:in `handle_request'
puma (3.12.0) lib/puma/server.rb:472:in `process_client'
puma (3.12.0) lib/puma/server.rb:332:in `block in run'
puma (3.12.0) lib/puma/thread_pool.rb:133:in `block in spawn_thread'
Started GET "/routes" for 127.0.0.1 at 2018-10-19 12:18:52 +0300
  
SyntaxError (/home/vasyakozar/rorlection/shop/config/routes.rb:4: syntax error, unexpected '=', expecting keyword_end
post "result" = "products#result"
               ^
/home/vasyakozar/rorlection/shop/config/routes.rb:8: syntax error, unexpected keyword_end, expecting end-of-input):
  
config/routes.rb:4: syntax error, unexpected '=', expecting keyword_end
config/routes.rb:8: syntax error, unexpected keyword_end, expecting end-of-input
Started GET "/routes" for 127.0.0.1 at 2018-10-19 12:21:01 +0300
  
ActionController::RoutingError (No route matches [GET] "/routes"):
  
actionpack (5.1.6) lib/action_dispatch/middleware/debug_exceptions.rb:63:in `call'
web-console (3.7.0) lib/web_console/middleware.rb:135:in `call_app'
web-console (3.7.0) lib/web_console/middleware.rb:30:in `block in call'
web-console (3.7.0) lib/web_console/middleware.rb:20:in `catch'
web-console (3.7.0) lib/web_console/middleware.rb:20:in `call'
actionpack (5.1.6) lib/action_dispatch/middleware/show_exceptions.rb:31:in `call'
railties (5.1.6) lib/rails/rack/logger.rb:36:in `call_app'
railties (5.1.6) lib/rails/rack/logger.rb:24:in `block in call'
activesupport (5.1.6) lib/active_support/tagged_logging.rb:69:in `block in tagged'
activesupport (5.1.6) lib/active_support/tagged_logging.rb:26:in `tagged'
activesupport (5.1.6) lib/active_support/tagged_logging.rb:69:in `tagged'
railties (5.1.6) lib/rails/rack/logger.rb:24:in `call'
sprockets-rails (3.2.1) lib/sprockets/rails/quiet_assets.rb:13:in `call'
actionpack (5.1.6) lib/action_dispatch/middleware/remote_ip.rb:79:in `call'
actionpack (5.1.6) lib/action_dispatch/middleware/request_id.rb:25:in `call'
rack (2.0.5) lib/rack/method_override.rb:22:in `call'
rack (2.0.5) lib/rack/runtime.rb:22:in `call'
activesupport (5.1.6) lib/active_support/cache/strategy/local_cache_middleware.rb:27:in `call'
actionpack (5.1.6) lib/action_dispatch/middleware/executor.rb:12:in `call'
actionpack (5.1.6) lib/action_dispatch/middleware/static.rb:125:in `call'
rack (2.0.5) lib/rack/sendfile.rb:111:in `call'
railties (5.1.6) lib/rails/engine.rb:522:in `call'
puma (3.12.0) lib/puma/configuration.rb:225:in `call'
puma (3.12.0) lib/puma/server.rb:658:in `handle_request'
puma (3.12.0) lib/puma/server.rb:472:in `process_client'
puma (3.12.0) lib/puma/server.rb:332:in `block in run'
puma (3.12.0) lib/puma/thread_pool.rb:133:in `block in spawn_thread'
Started GET "/" for 127.0.0.1 at 2018-10-19 12:21:05 +0300
  
SyntaxError (/home/vasyakozar/rorlection/shop/app/controllers/products_controller.rb:27: syntax error, unexpected end-of-input, expecting keyword_end):
  
app/controllers/products_controller.rb:27: syntax error, unexpected end-of-input, expecting keyword_end
Started GET "/" for 127.0.0.1 at 2018-10-19 12:21:16 +0300
  
SyntaxError (/home/vasyakozar/rorlection/shop/app/controllers/products_controller.rb:28: syntax error, unexpected end-of-input, expecting keyword_end):
  
app/controllers/products_controller.rb:28: syntax error, unexpected end-of-input, expecting keyword_end
Started GET "/" for 127.0.0.1 at 2018-10-19 12:22:12 +0300
  
SyntaxError (/home/vasyakozar/rorlection/shop/app/controllers/products_controller.rb:28: syntax error, unexpected keyword_end, expecting end-of-input):
  
app/controllers/products_controller.rb:28: syntax error, unexpected keyword_end, expecting end-of-input
Started GET "/" for 127.0.0.1 at 2018-10-19 12:22:20 +0300
Processing by ProductsController#index as HTML
  Rendering products/index.html.erb within layouts/application
  Rendered products/index.html.erb within layouts/application (0.9ms)
Completed 200 OK in 949ms (Views: 947.5ms)


Started GET "/products/new" for 127.0.0.1 at 2018-10-19 12:22:23 +0300
Processing by ProductsController#new as HTML
  Rendering products/new.html.erb within layouts/application
  Rendered products/new.html.erb within layouts/application (1.2ms)
Completed 500 Internal Server Error in 38ms (ActiveRecord: 2.1ms)


  
SyntaxError (/home/vasyakozar/rorlection/shop/app/views/products/new.html.erb:1: syntax error, unexpected ':', expecting keyword_end
r.append=  form_for @proguct : url: result_path do |f|@outpu
                              ^):
  
app/views/products/new.html.erb:1: syntax error, unexpected ':', expecting keyword_end
Started GET "/routes" for 127.0.0.1 at 2018-10-19 12:22:46 +0300
  
ActionController::RoutingError (No route matches [GET] "/routes"):
  
actionpack (5.1.6) lib/action_dispatch/middleware/debug_exceptions.rb:63:in `call'
web-console (3.7.0) lib/web_console/middleware.rb:135:in `call_app'
web-console (3.7.0) lib/web_console/middleware.rb:30:in `block in call'
web-console (3.7.0) lib/web_console/middleware.rb:20:in `catch'
web-console (3.7.0) lib/web_console/middleware.rb:20:in `call'
actionpack (5.1.6) lib/action_dispatch/middleware/show_exceptions.rb:31:in `call'
railties (5.1.6) lib/rails/rack/logger.rb:36:in `call_app'
railties (5.1.6) lib/rails/rack/logger.rb:24:in `block in call'
activesupport (5.1.6) lib/active_support/tagged_logging.rb:69:in `block in tagged'
activesupport (5.1.6) lib/active_support/tagged_logging.rb:26:in `tagged'
activesupport (5.1.6) lib/active_support/tagged_logging.rb:69:in `tagged'
railties (5.1.6) lib/rails/rack/logger.rb:24:in `call'
sprockets-rails (3.2.1) lib/sprockets/rails/quiet_assets.rb:13:in `call'
actionpack (5.1.6) lib/action_dispatch/middleware/remote_ip.rb:79:in `call'
actionpack (5.1.6) lib/action_dispatch/middleware/request_id.rb:25:in `call'
rack (2.0.5) lib/rack/method_override.rb:22:in `call'
rack (2.0.5) lib/rack/runtime.rb:22:in `call'
activesupport (5.1.6) lib/active_support/cache/strategy/local_cache_middleware.rb:27:in `call'
actionpack (5.1.6) lib/action_dispatch/middleware/executor.rb:12:in `call'
actionpack (5.1.6) lib/action_dispatch/middleware/static.rb:125:in `call'
rack (2.0.5) lib/rack/sendfile.rb:111:in `call'
railties (5.1.6) lib/rails/engine.rb:522:in `call'
puma (3.12.0) lib/puma/configuration.rb:225:in `call'
puma (3.12.0) lib/puma/server.rb:658:in `handle_request'
puma (3.12.0) lib/puma/server.rb:472:in `process_client'
puma (3.12.0) lib/puma/server.rb:332:in `block in run'
puma (3.12.0) lib/puma/thread_pool.rb:133:in `block in spawn_thread'
Started GET "/products/new" for 127.0.0.1 at 2018-10-19 12:22:49 +0300
Processing by ProductsController#new as HTML
  Rendering products/new.html.erb within layouts/application
  Rendered products/new.html.erb within layouts/application (1.0ms)
Completed 500 Internal Server Error in 6ms (ActiveRecord: 0.0ms)


  
SyntaxError (/home/vasyakozar/rorlection/shop/app/views/products/new.html.erb:1: syntax error, unexpected ':', expecting keyword_end
r.append=  form_for @proguct : url: new_product_path do |f|@
                              ^):
  
app/views/products/new.html.erb:1: syntax error, unexpected ':', expecting keyword_end
Started GET "/products/new" for 127.0.0.1 at 2018-10-19 12:22:51 +0300
Processing by ProductsController#new as HTML
  Rendering products/new.html.erb within layouts/application
  Rendered products/new.html.erb within layouts/application (1.7ms)
Completed 500 Internal Server Error in 8ms (ActiveRecord: 0.0ms)


  
SyntaxError (/home/vasyakozar/rorlection/shop/app/views/products/new.html.erb:1: syntax error, unexpected ':', expecting keyword_end
r.append=  form_for @proguct : url: new_product_path do |f|@
                              ^):
  
app/views/products/new.html.erb:1: syntax error, unexpected ':', expecting keyword_end
Started GET "/products/new" for 127.0.0.1 at 2018-10-19 12:23:01 +0300
Processing by ProductsController#new as HTML
  Rendering products/new.html.erb within layouts/application
  Rendered products/new.html.erb within layouts/application (1.2ms)
Completed 500 Internal Server Error in 6ms (ActiveRecord: 0.0ms)


  
SyntaxError (/home/vasyakozar/rorlection/shop/app/views/products/new.html.erb:1: syntax error, unexpected ':', expecting keyword_end
.append=  form_for @progucts : url: new_product_path do |f|@
                              ^):
  
app/views/products/new.html.erb:1: syntax error, unexpected ':', expecting keyword_end
Started GET "/products/new" for 127.0.0.1 at 2018-10-19 12:23:35 +0300
Processing by ProductsController#new as HTML
  Rendering products/new.html.erb within layouts/application
  Rendered products/new.html.erb within layouts/application (1.3ms)
Completed 500 Internal Server Error in 9ms (ActiveRecord: 0.0ms)


  
SyntaxError (/home/vasyakozar/rorlection/shop/app/views/products/new.html.erb:1: syntax error, unexpected ':', expecting keyword_end
r.append=  form_for @proguct : url: products_path do |f|@out
                              ^):
  
app/views/products/new.html.erb:1: syntax error, unexpected ':', expecting keyword_end
Started GET "/products/new" for 127.0.0.1 at 2018-10-19 12:23:47 +0300
Processing by ProductsController#new as HTML
  Rendering products/new.html.erb within layouts/application
  Rendered products/new.html.erb within layouts/application (1.2ms)
Completed 500 Internal Server Error in 6ms (ActiveRecord: 0.0ms)


  
SyntaxError (/home/vasyakozar/rorlection/shop/app/views/products/new.html.erb:1: syntax error, unexpected ':', expecting keyword_end
.append=  form_for @progucts : url: products_path do |f|@out
                              ^):
  
app/views/products/new.html.erb:1: syntax error, unexpected ':', expecting keyword_end
Started GET "/products/new" for 127.0.0.1 at 2018-10-19 12:24:10 +0300
Processing by ProductsController#new as HTML
  Rendering products/new.html.erb within layouts/application
  Rendered products/new.html.erb within layouts/application (1.8ms)
Completed 500 Internal Server Error in 8ms (ActiveRecord: 0.0ms)


  
SyntaxError (/home/vasyakozar/rorlection/shop/app/views/products/new.html.erb:1: syntax error, unexpected ':', expecting keyword_end
r.append=  form_for @proguct : url: product_new_path do |f|@
                              ^):
  
app/views/products/new.html.erb:1: syntax error, unexpected ':', expecting keyword_end
Started GET "/products/new" for 127.0.0.1 at 2018-10-19 12:24:26 +0300
Processing by ProductsController#new as HTML
  Rendering products/new.html.erb within layouts/application
  Rendered products/new.html.erb within layouts/application (2.4ms)
Completed 500 Internal Server Error in 7ms (ActiveRecord: 0.0ms)


  
ActionView::Template::Error (First argument in form cannot contain nil or be empty):
    1: <%= form_for @proguct  do |f|%>
    2:   Shopname: <%= f.text_field :shopname %><br />
    3:   Title : <%= f.text_field :title %><br />
    4:   Description : <%= f.text_field :description %><br />
  
app/views/products/new.html.erb:1:in `_app_views_products_new_html_erb___4077387491977752922_70224460781960'
Started GET "/products/new" for 127.0.0.1 at 2018-10-19 12:24:38 +0300
Processing by ProductsController#new as HTML
  Rendering products/new.html.erb within layouts/application
  Rendered products/new.html.erb within layouts/application (1.7ms)
Completed 500 Internal Server Error in 8ms (ActiveRecord: 0.0ms)


  
SyntaxError (/home/vasyakozar/rorlection/shop/app/views/products/new.html.erb:1: syntax error, unexpected tIDENTIFIER, expecting keyword_end
ppend=  form_for @proguct  url: product_new_path do |f|@outp
                              ^):
  
app/views/products/new.html.erb:1: syntax error, unexpected tIDENTIFIER, expecting keyword_end
Started GET "/products/new" for 127.0.0.1 at 2018-10-19 12:25:11 +0300
Processing by ProductsController#new as HTML
  Rendering products/new.html.erb within layouts/application
  Rendered products/new.html.erb within layouts/application (1.7ms)
Completed 500 Internal Server Error in 9ms (ActiveRecord: 0.0ms)


  
SyntaxError (/home/vasyakozar/rorlection/shop/app/views/products/new.html.erb:1: syntax error, unexpected ':', expecting keyword_end
r.append=  form_for @proguct :  url: new_product_path do |f|
                              ^):
  
app/views/products/new.html.erb:1: syntax error, unexpected ':', expecting keyword_end
Started GET "/" for 127.0.0.1 at 2018-10-19 12:25:12 +0300
Processing by ProductsController#index as HTML
  Rendering products/index.html.erb within layouts/application
  Rendered products/index.html.erb within layouts/application (1.0ms)
Completed 200 OK in 33ms (Views: 30.9ms | ActiveRecord: 0.0ms)


Started GET "/" for 127.0.0.1 at 2018-10-19 12:25:13 +0300
Processing by ProductsController#index as HTML
  Rendering products/index.html.erb within layouts/application
  Rendered products/index.html.erb within layouts/application (0.8ms)
Completed 200 OK in 30ms (Views: 27.8ms | ActiveRecord: 0.0ms)


Started GET "/products/new" for 127.0.0.1 at 2018-10-19 12:25:15 +0300
Processing by ProductsController#new as HTML
  Rendering products/new.html.erb within layouts/application
  Rendered products/new.html.erb within layouts/application (1.3ms)
Completed 500 Internal Server Error in 6ms (ActiveRecord: 0.0ms)


  
SyntaxError (/home/vasyakozar/rorlection/shop/app/views/products/new.html.erb:1: syntax error, unexpected ':', expecting keyword_end
r.append=  form_for @proguct :  url: new_product_path do |f|
                              ^):
  
app/views/products/new.html.erb:1: syntax error, unexpected ':', expecting keyword_end
Started GET "/products/new" for 127.0.0.1 at 2018-10-19 12:26:05 +0300
Processing by ProductsController#new as HTML
  Rendering products/new.html.erb within layouts/application
  Rendered products/new.html.erb within layouts/application (1.3ms)
Completed 500 Internal Server Error in 31ms (ActiveRecord: 1.9ms)


  
SyntaxError (/home/vasyakozar/rorlection/shop/app/views/products/new.html.erb:1: syntax error, unexpected ':', expecting keyword_end
r.append=  form_for @proguct :  url: new_product_path do |f|
                              ^):
  
app/views/products/new.html.erb:1: syntax error, unexpected ':', expecting keyword_end
Started GET "/products/new" for 127.0.0.1 at 2018-10-19 12:26:20 +0300
Processing by ProductsController#new as HTML
  Rendering products/new.html.erb within layouts/application
  Rendered products/new.html.erb within layouts/application (1.8ms)
Completed 500 Internal Server Error in 9ms (ActiveRecord: 0.0ms)


  
SyntaxError (/home/vasyakozar/rorlection/shop/app/views/products/new.html.erb:1: syntax error, unexpected ':', expecting keyword_end
.append=  form_for @progucts :  url: new_product_path do |f|
                              ^):
  
app/views/products/new.html.erb:1: syntax error, unexpected ':', expecting keyword_end
Started GET "/products/new" for 127.0.0.1 at 2018-10-19 12:26:22 +0300
Processing by ProductsController#new as HTML
  Rendering products/new.html.erb within layouts/application
  Rendered products/new.html.erb within layouts/application (1.2ms)
Completed 500 Internal Server Error in 8ms (ActiveRecord: 0.0ms)


  
SyntaxError (/home/vasyakozar/rorlection/shop/app/views/products/new.html.erb:1: syntax error, unexpected ':', expecting keyword_end
.append=  form_for @progucts :  url: new_product_path do |f|
                              ^):
  
app/views/products/new.html.erb:1: syntax error, unexpected ':', expecting keyword_end
Started GET "/products/new" for 127.0.0.1 at 2018-10-19 12:26:30 +0300
Processing by ProductsController#new as HTML
  Rendering products/new.html.erb within layouts/application
  Rendered products/new.html.erb within layouts/application (1.3ms)
Completed 500 Internal Server Error in 6ms (ActiveRecord: 0.0ms)


  
SyntaxError (/home/vasyakozar/rorlection/shop/app/views/products/new.html.erb:1: syntax error, unexpected ':', expecting keyword_end
.append=  form_for @products :  url: new_product_path do |f|
                              ^):
  
app/views/products/new.html.erb:1: syntax error, unexpected ':', expecting keyword_end
Started GET "/products/new" for 127.0.0.1 at 2018-10-19 12:26:39 +0300
Processing by ProductsController#new as HTML
  Rendering products/new.html.erb within layouts/application
  Rendered products/new.html.erb within layouts/application (1.7ms)
Completed 500 Internal Server Error in 9ms (ActiveRecord: 0.0ms)


  
SyntaxError (/home/vasyakozar/rorlection/shop/app/views/products/new.html.erb:1: syntax error, unexpected ':', expecting keyword_end
r.append=  form_for @product :  url: new_product_path do |f|
                              ^):
  
app/views/products/new.html.erb:1: syntax error, unexpected ':', expecting keyword_end
Started GET "/products/new" for 127.0.0.1 at 2018-10-19 12:27:03 +0300
Processing by ProductsController#new as HTML
  Rendering products/new.html.erb within layouts/application
  Rendered products/new.html.erb within layouts/application (1.8ms)
Completed 500 Internal Server Error in 8ms (ActiveRecord: 0.0ms)


  
SyntaxError (/home/vasyakozar/rorlection/shop/app/views/products/new.html.erb:1: syntax error, unexpected tIDENTIFIER, expecting keyword_end
end=  form_for :@product   url: new_product_path do |f|@outp
                              ^):
  
app/views/products/new.html.erb:1: syntax error, unexpected tIDENTIFIER, expecting keyword_end
Started GET "/products/new" for 127.0.0.1 at 2018-10-19 12:27:13 +0300
Processing by ProductsController#new as HTML
  Rendering products/new.html.erb within layouts/application
  Rendered products/new.html.erb within layouts/application (1.7ms)
Completed 500 Internal Server Error in 9ms (ActiveRecord: 0.0ms)


  
SyntaxError (/home/vasyakozar/rorlection/shop/app/views/products/new.html.erb:1: syntax error, unexpected tIDENTIFIER, expecting keyword_end
pend=  form_for :product   url: new_product_path do |f|@outp
                              ^):
  
app/views/products/new.html.erb:1: syntax error, unexpected tIDENTIFIER, expecting keyword_end
Started GET "/products/new" for 127.0.0.1 at 2018-10-19 12:27:46 +0300
Processing by ProductsController#new as HTML
  Rendering products/new.html.erb within layouts/application
  Rendered products/new.html.erb within layouts/application (3.3ms)
Completed 200 OK in 35ms (Views: 32.6ms | ActiveRecord: 0.0ms)


Started POST "/products/new" for 127.0.0.1 at 2018-10-19 12:27:57 +0300
  
ActionController::RoutingError (No route matches [POST] "/products/new"):
  
actionpack (5.1.6) lib/action_dispatch/middleware/debug_exceptions.rb:63:in `call'
web-console (3.7.0) lib/web_console/middleware.rb:135:in `call_app'
web-console (3.7.0) lib/web_console/middleware.rb:30:in `block in call'
web-console (3.7.0) lib/web_console/middleware.rb:20:in `catch'
web-console (3.7.0) lib/web_console/middleware.rb:20:in `call'
actionpack (5.1.6) lib/action_dispatch/middleware/show_exceptions.rb:31:in `call'
railties (5.1.6) lib/rails/rack/logger.rb:36:in `call_app'
railties (5.1.6) lib/rails/rack/logger.rb:24:in `block in call'
activesupport (5.1.6) lib/active_support/tagged_logging.rb:69:in `block in tagged'
activesupport (5.1.6) lib/active_support/tagged_logging.rb:26:in `tagged'
activesupport (5.1.6) lib/active_support/tagged_logging.rb:69:in `tagged'
railties (5.1.6) lib/rails/rack/logger.rb:24:in `call'
sprockets-rails (3.2.1) lib/sprockets/rails/quiet_assets.rb:13:in `call'
actionpack (5.1.6) lib/action_dispatch/middleware/remote_ip.rb:79:in `call'
actionpack (5.1.6) lib/action_dispatch/middleware/request_id.rb:25:in `call'
rack (2.0.5) lib/rack/method_override.rb:22:in `call'
rack (2.0.5) lib/rack/runtime.rb:22:in `call'
activesupport (5.1.6) lib/active_support/cache/strategy/local_cache_middleware.rb:27:in `call'
actionpack (5.1.6) lib/action_dispatch/middleware/executor.rb:12:in `call'
actionpack (5.1.6) lib/action_dispatch/middleware/static.rb:125:in `call'
rack (2.0.5) lib/rack/sendfile.rb:111:in `call'
railties (5.1.6) lib/rails/engine.rb:522:in `call'
puma (3.12.0) lib/puma/configuration.rb:225:in `call'
puma (3.12.0) lib/puma/server.rb:658:in `handle_request'
puma (3.12.0) lib/puma/server.rb:472:in `process_client'
puma (3.12.0) lib/puma/server.rb:332:in `block in run'
puma (3.12.0) lib/puma/thread_pool.rb:133:in `block in spawn_thread'
Started POST "/products/new" for 127.0.0.1 at 2018-10-19 12:28:32 +0300
  
ActionController::RoutingError (No route matches [POST] "/products/new"):
  
actionpack (5.1.6) lib/action_dispatch/middleware/debug_exceptions.rb:63:in `call'
web-console (3.7.0) lib/web_console/middleware.rb:135:in `call_app'
web-console (3.7.0) lib/web_console/middleware.rb:30:in `block in call'
web-console (3.7.0) lib/web_console/middleware.rb:20:in `catch'
web-console (3.7.0) lib/web_console/middleware.rb:20:in `call'
actionpack (5.1.6) lib/action_dispatch/middleware/show_exceptions.rb:31:in `call'
railties (5.1.6) lib/rails/rack/logger.rb:36:in `call_app'
railties (5.1.6) lib/rails/rack/logger.rb:24:in `block in call'
activesupport (5.1.6) lib/active_support/tagged_logging.rb:69:in `block in tagged'
activesupport (5.1.6) lib/active_support/tagged_logging.rb:26:in `tagged'
activesupport (5.1.6) lib/active_support/tagged_logging.rb:69:in `tagged'
railties (5.1.6) lib/rails/rack/logger.rb:24:in `call'
sprockets-rails (3.2.1) lib/sprockets/rails/quiet_assets.rb:13:in `call'
actionpack (5.1.6) lib/action_dispatch/middleware/remote_ip.rb:79:in `call'
actionpack (5.1.6) lib/action_dispatch/middleware/request_id.rb:25:in `call'
rack (2.0.5) lib/rack/method_override.rb:22:in `call'
rack (2.0.5) lib/rack/runtime.rb:22:in `call'
activesupport (5.1.6) lib/active_support/cache/strategy/local_cache_middleware.rb:27:in `call'
actionpack (5.1.6) lib/action_dispatch/middleware/executor.rb:12:in `call'
actionpack (5.1.6) lib/action_dispatch/middleware/static.rb:125:in `call'
rack (2.0.5) lib/rack/sendfile.rb:111:in `call'
railties (5.1.6) lib/rails/engine.rb:522:in `call'
puma (3.12.0) lib/puma/configuration.rb:225:in `call'
puma (3.12.0) lib/puma/server.rb:658:in `handle_request'
puma (3.12.0) lib/puma/server.rb:472:in `process_client'
puma (3.12.0) lib/puma/server.rb:332:in `block in run'
puma (3.12.0) lib/puma/thread_pool.rb:133:in `block in spawn_thread'
